<?xml version="1.0" encoding="UTF-8"?>
<!-- Generated by org.testng.reporters.JUnitXMLReporter -->
<testsuite ignored="0" hostname="LTIN234790" failures="0" tests="8" name="edge test" time="181.05" errors="0" timestamp="2024-05-29T09:20:58 IST">
  <testcase classname="testCases.Main" name="testUserInfo" time="22.351"/>
  <testcase classname="testCases.Main" name="testHeaderList" time="119.087"/>
  <testcase classname="testCases.Main" name="testEthicsAndComplianceVisibility" time="2.319"/>
  <testcase classname="testCases.Main" name="testnavigation" time="1.192"/>
  <testcase classname="testCases.Main" name="testResourcesOrLinkValidity" time="2.324"/>
  <testcase classname="testCases.Main" name="testprintInformation" time="0.268"/>
  <testcase classname="testCases.Main" name="testPageInformationValidity" time="0.042"/>
  <testcase classname="testCases.Main" name="testPagetInformation" time="0.094"/>
</testsuite> <!-- edge test -->
