<?xml version="1.0" encoding="UTF-8"?>
<testng-results ignored="0" total="8" passed="8" failed="0" skipped="0">
  <reporter-output>
  </reporter-output>
  <suite started-at="2024-06-03T13:33:27 IST" name="Suite" finished-at="2024-06-03T13:37:00 IST" duration-ms="212920">
    <groups>
      <group name="functional">
        <method signature="Main.testUserInfo()[pri:1, instance:testCases.Main@5d9b7a8a]" name="testUserInfo" class="testCases.Main"/>
        <method signature="Main.testEthicsAndComplianceVisibility()[pri:3, instance:testCases.Main@5d9b7a8a]" name="testEthicsAndComplianceVisibility" class="testCases.Main"/>
        <method signature="Main.testnavigation()[pri:4, instance:testCases.Main@5d9b7a8a]" name="testnavigation" class="testCases.Main"/>
        <method signature="Main.testResourcesOrLinkValidity()[pri:5, instance:testCases.Main@5d9b7a8a]" name="testResourcesOrLinkValidity" class="testCases.Main"/>
        <method signature="Main.testprintInformation()[pri:6, instance:testCases.Main@5d9b7a8a]" name="testprintInformation" class="testCases.Main"/>
        <method signature="Main.testPageInformationValidity()[pri:7, instance:testCases.Main@5d9b7a8a]" name="testPageInformationValidity" class="testCases.Main"/>
        <method signature="Main.testPagetInformation()[pri:8, instance:testCases.Main@5d9b7a8a]" name="testPagetInformation" class="testCases.Main"/>
      </group> <!-- functional -->
      <group name="sanity">
        <method signature="Main.testUserInfo()[pri:1, instance:testCases.Main@5d9b7a8a]" name="testUserInfo" class="testCases.Main"/>
        <method signature="Main.testHeaderList()[pri:2, instance:testCases.Main@5d9b7a8a]" name="testHeaderList" class="testCases.Main"/>
      </group> <!-- sanity -->
      <group name="master">
        <method signature="Main.testUserInfo()[pri:1, instance:testCases.Main@5d9b7a8a]" name="testUserInfo" class="testCases.Main"/>
        <method signature="Main.testHeaderList()[pri:2, instance:testCases.Main@5d9b7a8a]" name="testHeaderList" class="testCases.Main"/>
        <method signature="Main.testEthicsAndComplianceVisibility()[pri:3, instance:testCases.Main@5d9b7a8a]" name="testEthicsAndComplianceVisibility" class="testCases.Main"/>
        <method signature="Main.testnavigation()[pri:4, instance:testCases.Main@5d9b7a8a]" name="testnavigation" class="testCases.Main"/>
        <method signature="Main.testResourcesOrLinkValidity()[pri:5, instance:testCases.Main@5d9b7a8a]" name="testResourcesOrLinkValidity" class="testCases.Main"/>
        <method signature="Main.testprintInformation()[pri:6, instance:testCases.Main@5d9b7a8a]" name="testprintInformation" class="testCases.Main"/>
        <method signature="Main.testPageInformationValidity()[pri:7, instance:testCases.Main@5d9b7a8a]" name="testPageInformationValidity" class="testCases.Main"/>
        <method signature="Main.testPagetInformation()[pri:8, instance:testCases.Main@5d9b7a8a]" name="testPagetInformation" class="testCases.Main"/>
      </group> <!-- master -->
    </groups>
    <test started-at="2024-06-03T13:33:27 IST" name="chrome test" finished-at="2024-06-03T13:37:00 IST" duration-ms="212920">
      <class name="testCases.Main">
        <test-method is-config="true" signature="setUp(java.lang.String)[pri:0, instance:testCases.Main@5d9b7a8a]" started-at="2024-06-03T13:33:28 IST" name="setUp" finished-at="2024-06-03T13:34:07 IST" duration-ms="39586" status="PASS">
          <params>
            <param index="0">
              <value>
                <![CDATA[chrome]]>
              </value>
            </param>
          </params>
          <reporter-output>
          </reporter-output>
        </test-method> <!-- setUp -->
        <test-method signature="testUserInfo()[pri:1, instance:testCases.Main@5d9b7a8a]" started-at="2024-06-03T13:34:07 IST" name="testUserInfo" finished-at="2024-06-03T13:34:30 IST" duration-ms="22444" status="PASS">
          <reporter-output>
          </reporter-output>
        </test-method> <!-- testUserInfo -->
        <test-method signature="testHeaderList()[pri:2, instance:testCases.Main@5d9b7a8a]" started-at="2024-06-03T13:34:31 IST" name="testHeaderList" finished-at="2024-06-03T13:36:34 IST" duration-ms="123671" status="PASS">
          <reporter-output>
          </reporter-output>
        </test-method> <!-- testHeaderList -->
        <test-method signature="testEthicsAndComplianceVisibility()[pri:3, instance:testCases.Main@5d9b7a8a]" started-at="2024-06-03T13:36:35 IST" name="testEthicsAndComplianceVisibility" finished-at="2024-06-03T13:36:38 IST" duration-ms="2377" status="PASS">
          <reporter-output>
          </reporter-output>
        </test-method> <!-- testEthicsAndComplianceVisibility -->
        <test-method signature="testnavigation()[pri:4, instance:testCases.Main@5d9b7a8a]" started-at="2024-06-03T13:36:38 IST" name="testnavigation" finished-at="2024-06-03T13:36:39 IST" depends-on-methods="testCases.Main.testEthicsAndComplianceVisibility" duration-ms="1243" status="PASS">
          <reporter-output>
          </reporter-output>
        </test-method> <!-- testnavigation -->
        <test-method signature="testResourcesOrLinkValidity()[pri:5, instance:testCases.Main@5d9b7a8a]" started-at="2024-06-03T13:36:40 IST" name="testResourcesOrLinkValidity" finished-at="2024-06-03T13:36:43 IST" depends-on-methods="testCases.Main.testnavigation" duration-ms="2816" status="PASS">
          <reporter-output>
          </reporter-output>
        </test-method> <!-- testResourcesOrLinkValidity -->
        <test-method signature="testprintInformation()[pri:6, instance:testCases.Main@5d9b7a8a]" started-at="2024-06-03T13:36:44 IST" name="testprintInformation" finished-at="2024-06-03T13:36:44 IST" depends-on-methods="testCases.Main.testnavigation, testCases.Main.testResourcesOrLinkValidity" duration-ms="658" status="PASS">
          <reporter-output>
          </reporter-output>
        </test-method> <!-- testprintInformation -->
        <test-method signature="testPageInformationValidity()[pri:7, instance:testCases.Main@5d9b7a8a]" started-at="2024-06-03T13:36:45 IST" name="testPageInformationValidity" finished-at="2024-06-03T13:36:45 IST" depends-on-methods="testCases.Main.testnavigation" duration-ms="65" status="PASS">
          <reporter-output>
          </reporter-output>
        </test-method> <!-- testPageInformationValidity -->
        <test-method signature="testPagetInformation()[pri:8, instance:testCases.Main@5d9b7a8a]" started-at="2024-06-03T13:36:45 IST" name="testPagetInformation" finished-at="2024-06-03T13:36:45 IST" depends-on-methods="testCases.Main.testPageInformationValidity, testCases.Main.testnavigation" duration-ms="180" status="PASS">
          <reporter-output>
          </reporter-output>
        </test-method> <!-- testPagetInformation -->
        <test-method is-config="true" signature="tearDown()[pri:0, instance:testCases.Main@5d9b7a8a]" started-at="2024-06-03T13:36:46 IST" name="tearDown" finished-at="2024-06-03T13:37:00 IST" duration-ms="13641" status="PASS">
          <reporter-output>
          </reporter-output>
        </test-method> <!-- tearDown -->
      </class> <!-- testCases.Main -->
    </test> <!-- chrome test -->
  </suite> <!-- Suite -->
</testng-results>
